{
  "RSpec": {
    "coverage": {
      "/Users/kevin/Frameworks/enigma/spec/enigma/machine_spec.rb": [
        1,
        null,
        1,
        null,
        1029,
        null,
        1,
        null,
        1,
        1,
        1,
        1,
        1,
        null,
        null,
        1,
        1,
        1,
        null,
        null,
        null,
        null,
        1,
        null,
        1,
        1,
        1,
        1,
        1,
        1,
        null,
        null,
        1,
        1,
        1,
        1,
        1,
        1,
        null,
        null,
        null,
        null,
        null
      ],
      "/Users/kevin/Frameworks/enigma/spec/enigma/plugboard_spec.rb": [
        1,
        null,
        1,
        null,
        2,
        null,
        1,
        1,
        1,
        1,
        1,
        null,
        null,
        null,
        null
      ],
      "/Users/kevin/Frameworks/enigma/spec/enigma/reflector_spec.rb": [
        1,
        null,
        1,
        null,
        3,
        3,
        null,
        1,
        null,
        1,
        1,
        26,
        null,
        null,
        null,
        1,
        1,
        26,
        null,
        null,
        null,
        null,
        null,
        null
      ],
      "/Users/kevin/Frameworks/enigma/spec/enigma/rotor_spec.rb": [
        1,
        null,
        1,
        null,
        7,
        2,
        8,
        null,
        1,
        1,
        1,
        26,
        null,
        null,
        null,
        1,
        1,
        26,
        26,
        null,
        null,
        null,
        1,
        1,
        26,
        26,
        78,
        null,
        26,
        78,
        null,
        26,
        78,
        null,
        26,
        null,
        null,
        null,
        null,
        1,
        1,
        1,
        26,
        null,
        null,
        null,
        1,
        1,
        26,
        null,
        null,
        null,
        1,
        1,
        26,
        null,
        null,
        null,
        1,
        1,
        26,
        null,
        null,
        null,
        null,
        null
      ],
      "/Users/kevin/Frameworks/enigma/spec/enigma_spec.rb": [
        1,
        null,
        1,
        null,
        258,
        2,
        null,
        1,
        1,
        1,
        null,
        null,
        null,
        null
      ]
    },
    "timestamp": 1420398831
  }
}
